Сборка начата 26.07.2016 11:33:33.
     1>Проект "C:\Users\Andrey\Documents\GitHub\FilmSelection\FilmSelection\FilmSelection\FilmSelection\FilmSelection.vcxproj" в узле 2 (целевые объекты Rebuild).
     1>InitializeBuildStatus:
         Обращение к "Debug\FilmSelection.tlog\unsuccessfulbuild".
       ClCompile:
         C:\Program Files (x86)\Microsoft Visual Studio 14.0\VC\bin\CL.exe /c /ZI /nologo /W3 /WX- /sdl /Od /Oy- /D _MBCS /Gm /EHsc /RTC1 /MDd /GS /fp:precise /Zc:wchar_t /Zc:forScope /Zc:inline /Fo"Debug\\" /Fd"Debug\vc140.pdb" /Gd /TP /analyze- /errorReport:prompt Channel.cpp Film.cpp FilmSelection.cpp main.cpp User.cpp
         User.cpp
         main.cpp
         FilmSelection.cpp
         Film.cpp
         Channel.cpp
         Создание кода...
       Link:
         C:\Program Files (x86)\Microsoft Visual Studio 14.0\VC\bin\link.exe /ERRORREPORT:PROMPT /OUT:"C:\Users\Andrey\Documents\GitHub\FilmSelection\FilmSelection\FilmSelection\Debug\FilmSelection.exe" /INCREMENTAL /NOLOGO kernel32.lib user32.lib gdi32.lib winspool.lib comdlg32.lib advapi32.lib shell32.lib ole32.lib oleaut32.lib uuid.lib odbc32.lib odbccp32.lib /MANIFEST /MANIFESTUAC:"level='asInvoker' uiAccess='false'" /manifest:embed /DEBUG:FASTLINK /PDB:"C:\Users\Andrey\Documents\GitHub\FilmSelection\FilmSelection\FilmSelection\Debug\FilmSelection.pdb" /TLBID:1 /DYNAMICBASE /NXCOMPAT /IMPLIB:"C:\Users\Andrey\Documents\GitHub\FilmSelection\FilmSelection\FilmSelection\Debug\FilmSelection.lib" /MACHINE:X86 Debug\Channel.obj
         Debug\Film.obj
         Debug\FilmSelection.obj
         Debug\main.obj
         Debug\User.obj
     1>Channel.obj : error LNK2019: ссылка на неразрешенный внешний символ "public: class std::basic_string<char,struct std::char_traits<char>,class std::allocator<char> > __thiscall Film::getId(void)const " (?getId@Film@@QBE?AV?$basic_string@DU?$char_traits@D@std@@V?$allocator@D@2@@std@@XZ) в функции "public: class std::shared_ptr<class Film> __thiscall Channel::findFilm(class std::basic_string<char,struct std::char_traits<char>,class std::allocator<char> >)" (?findFilm@Channel@@QAE?AV?$shared_ptr@VFilm@@@std@@V?$basic_string@DU?$char_traits@D@std@@V?$allocator@D@2@@3@@Z)
     1>FilmSelection.obj : error LNK2019: ссылка на неразрешенный внешний символ "public: class std::basic_string<char,struct std::char_traits<char>,class std::allocator<char> > __thiscall User::getId(void)const " (?getId@User@@QBE?AV?$basic_string@DU?$char_traits@D@std@@V?$allocator@D@2@@std@@XZ) в функции "public: static void __cdecl FilmSelection::loadDate(class std::basic_string<char,struct std::char_traits<char>,class std::allocator<char> >)" (?loadDate@FilmSelection@@SAXV?$basic_string@DU?$char_traits@D@std@@V?$allocator@D@2@@std@@@Z)
     1>User.obj : error LNK2019: ссылка на неразрешенный внешний символ "public: class std::basic_string<char,struct std::char_traits<char>,class std::allocator<char> > __thiscall Channel::getId(void)const " (?getId@Channel@@QBE?AV?$basic_string@DU?$char_traits@D@std@@V?$allocator@D@2@@std@@XZ) в функции "public: class std::shared_ptr<class Channel> __thiscall User::findChannel(class std::basic_string<char,struct std::char_traits<char>,class std::allocator<char> >)" (?findChannel@User@@QAE?AV?$shared_ptr@VChannel@@@std@@V?$basic_string@DU?$char_traits@D@std@@V?$allocator@D@2@@3@@Z)
     1>C:\Users\Andrey\Documents\GitHub\FilmSelection\FilmSelection\FilmSelection\Debug\FilmSelection.exe : fatal error LNK1120: неразрешенных внешних элементов: 3
     1>Сборка проекта "C:\Users\Andrey\Documents\GitHub\FilmSelection\FilmSelection\FilmSelection\FilmSelection\FilmSelection.vcxproj" завершена (целевые объекты Rebuild) с ошибкой.

Итоги по проекту:
     4605 мс вызовов   1 C:\Users\Andrey\Documents\GitHub\FilmSelection\FilmSelection\FilmSelection\FilmSelection\FilmSelection.vcxproj
               4605 мс вызовов   1 Rebuild                                 

Итоги по целям:
        0 мс вызовов   1 AfterCppClean                           
        0 мс вызовов   1 BeforeResourceCompile                   
        0 мс вызовов   1 ComputeManifestInputsTargets            
        0 мс вызовов   1 AfterBuildCompileEvent                  
        0 мс вызовов   1 BeforeLink                              
        0 мс вызовов   1 _ClCompile                              
        0 мс вызовов   1 BeforeClean                             
        0 мс вызовов   1 BuildCompile                            
        0 мс вызовов   1 _Midl                                   
        0 мс вызовов   1 CleanReferencedProjects                 
        0 мс вызовов   1 CleanPublishFolder                      
        0 мс вызовов   1 SelectClCompile                         
        0 мс вызовов   1 ResolveReferences                       
        0 мс вызовов   1 ComputeManifestGeneratedLinkerInputs    
        0 мс вызовов   1 AfterClean                              
        0 мс вызовов   1 SelectCustomBuild                       
        0 мс вызовов   1 AfterClCompile                          
        0 мс вызовов   1 BuildCompileTraverse                    
        0 мс вызовов   1 GetFrameworkPaths                       
        0 мс вызовов   1 AfterResourceCompile                    
        0 мс вызовов   1 _PrepareForClean                        
        0 мс вызовов   1 ComputeCustomBuildOutput                
        0 мс вызовов   1 _Xsd                                    
        0 мс вызовов   1 AfterBuildGenerateSources               
        0 мс вызовов   1 AfterMidl                               
        0 мс вызовов   1 BeforeRebuild                           
        0 мс вызовов   1 _ResourceCompile                        
        0 мс вызовов   1 BeforeCppClean                          
        0 мс вызовов   1 BuildLinkTraverse                       
        0 мс вызовов   1 ComputeRCOutputs                        
        0 мс вызовов   1 Clean                                   
        0 мс вызовов   1 ExpandSDKReferences                     
        0 мс вызовов   1 MakeDirsForResourceCompile              
        0 мс вызовов   1 PreLinkEvent                            
        0 мс вызовов   1 ComputeMIDLGeneratedCompileInputs       
        0 мс вызовов   1 CppClean                                
        0 мс вызовов   1 ResolveSDKReferences                    
        0 мс вызовов   1 _BuildGenerateSourcesAction             
        0 мс вызовов   1 MakeDirsForMidl                         
        0 мс вызовов   1 PreBuildEvent                           
        0 мс вызовов   1 ComputeReferenceCLInput                 
        0 мс вызовов   1 BeforeResolveReferences                 
        0 мс вызовов   1 AfterResolveReferences                  
        0 мс вызовов   1 BeforeClCompile                         
        0 мс вызовов   1 ComputeCLGeneratedLinkInputs            
        0 мс вызовов   1 PrepareResourceNames                    
        0 мс вызовов   1 ComputeRCGeneratedLinkInputs            
        0 мс вызовов   1 BuildGenerateSources                    
        0 мс вызовов   1 AfterBuildGenerateSourcesEvent          
        0 мс вызовов   1 BeforeBuildGenerateSources              
        0 мс вызовов   1 GetInstalledSDKLocations                
        0 мс вызовов   1 _BuildCompileAction                     
        0 мс вызовов   1 AssignProjectConfiguration              
        0 мс вызовов   1 _SplitProjectReferencesByFileExistence  
        0 мс вызовов   1 BuildGenerateSourcesTraverse            
        0 мс вызовов   1 FixupCLCompileOptions                   
        0 мс вызовов   1 _PrepareForBuild                        
        1 мс вызовов   1 ComputeLegacyManifestEmbedding          
        1 мс вызовов   1 ComputeCLInputPDBName                   
        1 мс вызовов   1 _SelectedFiles                          
        1 мс вызовов   1 MakeDirsForLink                         
        1 мс вызовов   1 ResolveProjectReferences                
        1 мс вызовов   1 PGInstrumentedClean                     
        1 мс вызовов   1 _PrepareForRebuild                      
        1 мс вызовов   1 ResolveAssemblyReferences               
        1 мс вызовов   1 CreateCustomManifestResourceNames       
        1 мс вызовов   1 DoLinkOutputFilesMatch                  
        1 мс вызовов   1 GetResolvedWinMD                        
        1 мс вызовов   1 _PrepareForReferenceResolution          
        1 мс вызовов   1 PlatformPrepareForBuild                 
        1 мс вызовов   1 ComputeLinkInputsFromProject            
        1 мс вызовов   1 GetReferenceAssemblyPaths               
        1 мс вызовов   1 ComputeLinkSwitches                     
        1 мс вызовов   1 SplitResourcesByCulture                 
        1 мс вызовов   1 SetBuildDefaultEnvironmentVariables     
        1 мс вызовов   1 ComputeCLOutputs                        
        1 мс вызовов   1 MakeDirsForCl                           
        1 мс вызовов   1 AssignTargetPaths                       
        2 мс вызовов   1 CoreClean                               
        3 мс вызовов   1 WarnCompileDuplicatedFilename           
        3 мс вызовов   1 PrepareForBuild                         
        4 мс вызовов   1 InitializeBuildStatus                   
        5 мс вызовов   1 _CheckForInvalidConfigurationAndPlatform
        5 мс вызовов   1 CoreCppClean                            
      126 мс вызовов   1 SetCABuildNativeEnvironmentVariables    
      210 мс вызовов   1 Link                                    
     4227 мс вызовов   1 ClCompile                               

Ошибка сборки.

Затраченное время: 00:00:04.60
