Сборка начата 09.08.2016 15:28:58.
     1>Проект "C:\Users\Andrey\Documents\GitHub\FilmSelection\FilmSelection\FilmSelection\FilmSelection\FilmSelection.vcxproj" в узле 2 (целевые объекты Build).
     1>InitializeBuildStatus:
         Обращение к "Release\FilmSelection.tlog\unsuccessfulbuild".
       ClCompile:
         C:\Program Files (x86)\Microsoft Visual Studio 14.0\VC\bin\CL.exe /c /Zi /nologo /W3 /WX- /sdl /O2 /Oi /Oy- /GL /D _MBCS /Gm- /EHsc /MD /GS /Gy /fp:precise /Zc:wchar_t /Zc:forScope /Zc:inline /Fo"Release\\" /Fd"Release\vc140.pdb" /Gd /TP /analyze- /errorReport:prompt FilmSelection.cpp
         FilmSelection.cpp
     1>FilmSelection.cpp(259): error C2451: недопустимое условное выражение типа "std::basic_string<char,std::char_traits<char>,std::allocator<char>>"
         FilmSelection.cpp(259): note: Для выполнения данного преобразования нет доступного оператора преобразования, определенного пользователем, или вызов оператора невозможен
     1>Сборка проекта "C:\Users\Andrey\Documents\GitHub\FilmSelection\FilmSelection\FilmSelection\FilmSelection\FilmSelection.vcxproj" завершена (целевые объекты Build) с ошибкой.

Итоги по проекту:
      544 мс вызовов   1 C:\Users\Andrey\Documents\GitHub\FilmSelection\FilmSelection\FilmSelection\FilmSelection\FilmSelection.vcxproj
                544 мс вызовов   1 Build                                   

Итоги по целям:
        0 мс вызовов   1 _BuildGenerateSourcesAction             
        0 мс вызовов   1 AfterBuildGenerateSources               
        0 мс вызовов   1 PlatformPrepareForBuild                 
        0 мс вызовов   1 AfterResolveReferences                  
        0 мс вызовов   1 _Midl                                   
        0 мс вызовов   1 FixupCLCompileOptions                   
        0 мс вызовов   1 GetFrameworkPaths                       
        0 мс вызовов   1 MakeDirsForMidl                         
        0 мс вызовов   1 ResolveProjectReferences                
        0 мс вызовов   1 SelectClCompile                         
        0 мс вызовов   1 ComputeMIDLGeneratedCompileInputs       
        0 мс вызовов   1 _PrepareForBuild                        
        0 мс вызовов   1 AssignProjectConfiguration              
        0 мс вызовов   1 ResolveSDKReferences                    
        0 мс вызовов   1 BuildGenerateSources                    
        0 мс вызовов   1 SelectCustomBuild                       
        0 мс вызовов   1 ResolveReferences                       
        0 мс вызовов   1 _Xsd                                    
        0 мс вызовов   1 _SplitProjectReferencesByFileExistence  
        0 мс вызовов   1 BeforeResolveReferences                 
        0 мс вызовов   1 BeforeClCompile                         
        0 мс вызовов   1 PreBuildEvent                           
        0 мс вызовов   1 _SelectedFiles                          
        0 мс вызовов   1 ComputeCLInputPDBName                   
        0 мс вызовов   1 AfterBuildGenerateSourcesEvent          
        0 мс вызовов   1 BeforeBuildGenerateSources              
        0 мс вызовов   1 AfterMidl                               
        0 мс вызовов   1 GetResolvedWinMD                        
        0 мс вызовов   1 ExpandSDKReferences                     
        0 мс вызовов   1 ResolveAssemblyReferences               
        1 мс вызовов   1 BuildCompileTraverse                    
        1 мс вызовов   1 ComputeReferenceCLInput                 
        1 мс вызовов   1 BuildGenerateSourcesTraverse            
        1 мс вызовов   1 GetInstalledSDKLocations                
        1 мс вызовов   1 _PrepareForReferenceResolution          
        1 мс вызовов   1 GetReferenceAssemblyPaths               
        1 мс вызовов   1 SetBuildDefaultEnvironmentVariables     
        1 мс вызовов   1 MakeDirsForCl                           
        2 мс вызовов   1 WarnCompileDuplicatedFilename           
        3 мс вызовов   1 PrepareForBuild                         
        3 мс вызовов   1 InitializeBuildStatus                   
        5 мс вызовов   1 SetCABuildNativeEnvironmentVariables    
        5 мс вызовов   1 _CheckForInvalidConfigurationAndPlatform
      518 мс вызовов   1 ClCompile                               

Ошибка сборки.

Затраченное время: 00:00:00.54
